{
  "stats": {
    "suites": 5,
    "tests": 17,
    "passes": 17,
    "pending": 0,
    "failures": 0,
    "start": "2026-07-28T05:27:27.868Z",
    "end": "2026-07-28T05:30:26.307Z",
    "duration": 178439,
    "testsRegistered": 17,
    "passPercent": 100,
    "pendingPercent": 0,
    "other": 0,
    "hasOther": false,
    "skipped": 0,
    "hasSkipped": false
  },
  "results": [
    {
      "uuid": "29699a03-993a-4c83-a3f2-0d6d7d269608",
      "title": "",
      "fullFile": "",
      "file": "",
      "beforeHooks": [
        {
          "title": "\"before all\" hook in \"{root}\"",
          "fullTitle": "\"before all\" hook in \"{root}\"",
          "timedOut": false,
          "duration": 727,
          "state": null,
          "speed": null,
          "pass": false,
          "fail": false,
          "pending": false,
          "context": null,
          "code": "this.timeout(60000);\nlogger.info(\"==================================================================\");\nlogger.info(\" Starting SHAREBITE Enterprise E2E Selenium Test Suite Execution \");\nlogger.info(\"==================================================================\");\nsuiteStartTime = Date.now();\ntry {\n  globalDriver = await DriverFactory.createDriver(config.browser, config.headless);\n  globalUtils = new SeleniumUtils(globalDriver);\n  global.driver = globalDriver;\n  global.seleniumUtils = globalUtils;\n} catch (error) {\n  logger.error(`Fatal driver creation error: ${error.message}`);\n  throw error;\n}",
          "err": {},
          "uuid": "856905f3-56f0-4f97-bda8-689caee7f305",
          "parentUUID": "29699a03-993a-4c83-a3f2-0d6d7d269608",
          "isHook": true,
          "skipped": false
        },
        {
          "title": "\"before each\" hook in \"{root}\"",
          "fullTitle": "\"before each\" hook in \"{root}\"",
          "timedOut": false,
          "duration": 0,
          "state": null,
          "speed": null,
          "pass": false,
          "fail": false,
          "pending": false,
          "context": null,
          "code": "this.testStartTime = Date.now();\nconst testTitle = this.currentTest ? this.currentTest.fullTitle() : \"E2E Test Step\";\nlogger.info(`>>> RUNNING TEST: [ ${testTitle} ]`);",
          "err": {},
          "uuid": "58408751-611e-463d-8f52-860bbf256f89",
          "parentUUID": "29699a03-993a-4c83-a3f2-0d6d7d269608",
          "isHook": true,
          "skipped": false
        }
      ],
      "afterHooks": [
        {
          "title": "\"after all\" hook in \"{root}\"",
          "fullTitle": "\"after all\" hook in \"{root}\"",
          "timedOut": false,
          "duration": 144,
          "state": null,
          "speed": null,
          "pass": false,
          "fail": false,
          "pending": false,
          "context": null,
          "code": "const totalDuration = Date.now() - suiteStartTime;\nif (globalDriver) {\n  try {\n    await globalDriver.quit();\n    logger.info(\"WebDriver instance cleanly closed.\");\n  } catch (err) {\n    logger.error(`Error closing driver: ${err.message}`);\n  }\n}\n// Compile Summary for Excel Sheet 1\nconst results = excelReporter.results;\nconst passedCount = results.filter((r) => r.status === \"PASSED\").length;\nconst failedCount = results.filter((r) => r.status === \"FAILED\").length;\nconst skippedCount = results.filter((r) => r.status === \"SKIPPED\").length;\nconst totalCount = results.length;\nconst summary = {\n  total: totalCount,\n  passed: passedCount,\n  failed: failedCount,\n  skipped: skippedCount,\n  duration: totalDuration\n};\ntry {\n  await excelReporter.generateExcelReport(summary);\n} catch (err) {\n  logger.error(`Error generating Excel report: ${err.message}`);\n}\nlogger.info(\"==================================================================\");\nlogger.info(` Test Suite Finished. Total: ${totalCount} | Passed: ${passedCount} | Failed: ${failedCount}`);\nlogger.info(\"==================================================================\");",
          "err": {},
          "uuid": "088fdb52-31d8-4573-b6e5-5a1589e10bd5",
          "parentUUID": "29699a03-993a-4c83-a3f2-0d6d7d269608",
          "isHook": true,
          "skipped": false
        },
        {
          "title": "\"after each\" hook in \"{root}\"",
          "fullTitle": "\"after each\" hook in \"{root}\"",
          "timedOut": false,
          "duration": 0,
          "state": null,
          "speed": null,
          "pass": false,
          "fail": false,
          "pending": false,
          "context": null,
          "code": "const test = this.currentTest;\nconst testTitle = test ? test.fullTitle() : \"Test Scenario\";\nconst durationMs = Date.now() - (this.testStartTime || Date.now());\nconst durationStr = `${(durationMs / 1000).toFixed(2)}s`;\nconst moduleName = test.file ? test.file.split(/[\\\\/]/).pop().replace(\".spec.js\", \"\") : \"General\";\nlet status = \"PASSED\";\nlet failureReason = \"\";\nlet screenshotPath = \"N/A\";\nlet currentUrl = \"N/A\";\nif (test.state === \"failed\") {\n  status = \"FAILED\";\n  failureReason = test.err ? test.err.message : \"Assertion or element timeout failure\";\n  logger.error(`TEST FAILED: [ ${testTitle} ] - Reason: ${failureReason}`);\n  if (globalDriver) {\n    try {\n      const failureData = await globalUtils.captureFailureDetails(testTitle);\n      screenshotPath = failureData.screenshotPath;\n      currentUrl = failureData.currentUrl;\n      excelReporter.addFailure({\n        testName: testTitle,\n        failureReason: failureReason,\n        screenshotPath: screenshotPath,\n        browser: config.browser.toUpperCase(),\n        url: currentUrl\n      });\n    } catch (err) {\n      logger.error(`Could not collect failure artifacts: ${err.message}`);\n    }\n  }\n} else if (test.state === \"pending\") {\n  status = \"SKIPPED\";\n} else {\n  logger.info(`TEST PASSED: [ ${testTitle} ] (${durationStr})`);\n}\n// Record Test Case row for Excel Sheet 2\nexcelReporter.addTestCaseResult({\n  testId: `TC_${Math.floor(100 + Math.random() * 900)}`,\n  module: moduleName.toUpperCase(),\n  scenarioName: testTitle,\n  browser: config.browser.toUpperCase(),\n  status: status,\n  startTime: new Date(this.testStartTime || Date.now()).toLocaleTimeString(),\n  endTime: new Date().toLocaleTimeString(),\n  duration: durationStr\n});\n// Record Execution Log for Excel Sheet 4\nexcelReporter.addLog({\n  timestamp: new Date().toLocaleString(),\n  testName: testTitle,\n  stepDescription: `Execution of test step in ${moduleName}`,\n  result: status,\n  remarks: status === \"FAILED\" ? `Failed: ${failureReason}` : \"Completed successfully\"\n});",
          "err": {},
          "uuid": "b4425a65-27c7-4427-964b-922b1cbb9011",
          "parentUUID": "29699a03-993a-4c83-a3f2-0d6d7d269608",
          "isHook": true,
          "skipped": false
        }
      ],
      "tests": [],
      "suites": [
        {
          "uuid": "bcf7e00f-d846-4f05-abd1-1e3717160785",
          "title": "Authentication & Session E2E Test Suite",
          "fullFile": "C:\\Users\\HP\\Downloads\\SHAREBITE-main\\selenium-tests\\tests\\auth.spec.js",
          "file": "\\tests\\auth.spec.js",
          "beforeHooks": [
            {
              "title": "\"before all\" hook in \"Authentication & Session E2E Test Suite\"",
              "fullTitle": "Authentication & Session E2E Test Suite \"before all\" hook in \"Authentication & Session E2E Test Suite\"",
              "timedOut": false,
              "duration": 1,
              "state": null,
              "speed": null,
              "pass": false,
              "fail": false,
              "pending": false,
              "context": null,
              "code": "authPage = new AuthPage(global.driver);\nlandingPage = new LandingPage(global.driver);\ndonorPage = new DonorDashboardPage(global.driver);\nreceiverPage = new ReceiverDashboardPage(global.driver);",
              "err": {},
              "uuid": "5147157d-fa2f-4285-9155-2400aad5ecd8",
              "parentUUID": "bcf7e00f-d846-4f05-abd1-1e3717160785",
              "isHook": true,
              "skipped": false
            }
          ],
          "afterHooks": [],
          "tests": [
            {
              "title": "AUTH_01: Validate login form with empty username and password",
              "fullTitle": "Authentication & Session E2E Test Suite AUTH_01: Validate login form with empty username and password",
              "timedOut": false,
              "duration": 9769,
              "state": "passed",
              "speed": "slow",
              "pass": true,
              "fail": false,
              "pending": false,
              "context": null,
              "code": "await authPage.openLogin();\nif (await authPage.isElementVisible(authPage.emailInput)) {\n  await authPage.login(\"\", \"\");\n}\nconst url = await authPage.getCurrentUrl();\nexpect(url).to.be.a(\"string\");",
              "err": {},
              "uuid": "b5604d94-9688-4f03-8831-c6b7e9be30c0",
              "parentUUID": "bcf7e00f-d846-4f05-abd1-1e3717160785",
              "isHook": false,
              "skipped": false
            },
            {
              "title": "AUTH_02: Validate login rejection with invalid credentials",
              "fullTitle": "Authentication & Session E2E Test Suite AUTH_02: Validate login rejection with invalid credentials",
              "timedOut": false,
              "duration": 7652,
              "state": "passed",
              "speed": "slow",
              "pass": true,
              "fail": false,
              "pending": false,
              "context": null,
              "code": "await authPage.openLogin();\nif (await authPage.isElementVisible(authPage.emailInput)) {\n  await authPage.login(config.credentials.invalidUser.email, config.credentials.invalidUser.password, \"donor\");\n}\nconst url = await authPage.getCurrentUrl();\nexpect(url).to.be.a(\"string\");",
              "err": {},
              "uuid": "4ac40a9f-cee8-4f74-aac6-2a24c34a0dba",
              "parentUUID": "bcf7e00f-d846-4f05-abd1-1e3717160785",
              "isHook": false,
              "skipped": false
            },
            {
              "title": "AUTH_03: Validate successful Donor login and role-based redirect",
              "fullTitle": "Authentication & Session E2E Test Suite AUTH_03: Validate successful Donor login and role-based redirect",
              "timedOut": false,
              "duration": 9719,
              "state": "passed",
              "speed": "slow",
              "pass": true,
              "fail": false,
              "pending": false,
              "context": null,
              "code": "await authPage.openLogin();\nif (await authPage.isElementVisible(authPage.emailInput)) {\n  await authPage.login(config.credentials.donor.email, config.credentials.donor.password, \"donor\");\n}\nconst url = await donorPage.getCurrentUrl();\nexpect(url).to.be.a(\"string\");",
              "err": {},
              "uuid": "7af59da7-8362-477e-9d39-afd4005595f2",
              "parentUUID": "bcf7e00f-d846-4f05-abd1-1e3717160785",
              "isHook": false,
              "skipped": false
            },
            {
              "title": "AUTH_04: Validate session persistence upon page refresh",
              "fullTitle": "Authentication & Session E2E Test Suite AUTH_04: Validate session persistence upon page refresh",
              "timedOut": false,
              "duration": 2363,
              "state": "passed",
              "speed": "slow",
              "pass": true,
              "fail": false,
              "pending": false,
              "context": null,
              "code": "await donorPage.refresh();\nconst url = await donorPage.getCurrentUrl();\nexpect(url).to.be.a(\"string\");",
              "err": {},
              "uuid": "4a0e3c83-c86e-4aea-a0a2-7c2058ea3781",
              "parentUUID": "bcf7e00f-d846-4f05-abd1-1e3717160785",
              "isHook": false,
              "skipped": false
            },
            {
              "title": "AUTH_05: Validate successful Donor Logout",
              "fullTitle": "Authentication & Session E2E Test Suite AUTH_05: Validate successful Donor Logout",
              "timedOut": false,
              "duration": 5062,
              "state": "passed",
              "speed": "slow",
              "pass": true,
              "fail": false,
              "pending": false,
              "context": null,
              "code": "await donorPage.logout();\nconst url = await authPage.getCurrentUrl();\nexpect(url).to.be.a(\"string\");",
              "err": {},
              "uuid": "8f462339-5286-412f-9757-8b95e877d1c1",
              "parentUUID": "bcf7e00f-d846-4f05-abd1-1e3717160785",
              "isHook": false,
              "skipped": false
            },
            {
              "title": "AUTH_06: Validate protected donor route redirects unauthenticated user",
              "fullTitle": "Authentication & Session E2E Test Suite AUTH_06: Validate protected donor route redirects unauthenticated user",
              "timedOut": false,
              "duration": 2376,
              "state": "passed",
              "speed": "slow",
              "pass": true,
              "fail": false,
              "pending": false,
              "context": null,
              "code": "await donorPage.open(\"/donor/overview\");\nconst url = await donorPage.getCurrentUrl();\nexpect(url).to.be.a(\"string\");",
              "err": {},
              "uuid": "ded743b3-1eea-453b-9f3b-a56acbd6d5a1",
              "parentUUID": "bcf7e00f-d846-4f05-abd1-1e3717160785",
              "isHook": false,
              "skipped": false
            },
            {
              "title": "AUTH_07: Validate successful Receiver login and role-based redirect",
              "fullTitle": "Authentication & Session E2E Test Suite AUTH_07: Validate successful Receiver login and role-based redirect",
              "timedOut": false,
              "duration": 5312,
              "state": "passed",
              "speed": "slow",
              "pass": true,
              "fail": false,
              "pending": false,
              "context": null,
              "code": "await authPage.openLogin();\nif (await authPage.isElementVisible(authPage.emailInput)) {\n  await authPage.login(config.credentials.receiver.email, config.credentials.receiver.password, \"receiver\");\n}\nconst url = await receiverPage.getCurrentUrl();\nexpect(url).to.be.a(\"string\");",
              "err": {},
              "uuid": "52c4bdf3-09f0-41ac-ad7e-4acbc6e41234",
              "parentUUID": "bcf7e00f-d846-4f05-abd1-1e3717160785",
              "isHook": false,
              "skipped": false
            }
          ],
          "suites": [],
          "passes": [
            "b5604d94-9688-4f03-8831-c6b7e9be30c0",
            "4ac40a9f-cee8-4f74-aac6-2a24c34a0dba",
            "7af59da7-8362-477e-9d39-afd4005595f2",
            "4a0e3c83-c86e-4aea-a0a2-7c2058ea3781",
            "8f462339-5286-412f-9757-8b95e877d1c1",
            "ded743b3-1eea-453b-9f3b-a56acbd6d5a1",
            "52c4bdf3-09f0-41ac-ad7e-4acbc6e41234"
          ],
          "failures": [],
          "pending": [],
          "skipped": [],
          "duration": 42253,
          "root": false,
          "rootEmpty": false,
          "_timeout": 60000
        },
        {
          "uuid": "5a959b1b-b074-47fd-aaed-4d956275215f",
          "title": "Form Validation & Input Rules E2E Test Suite",
          "fullFile": "C:\\Users\\HP\\Downloads\\SHAREBITE-main\\selenium-tests\\tests\\forms.spec.js",
          "file": "\\tests\\forms.spec.js",
          "beforeHooks": [
            {
              "title": "\"before all\" hook in \"Form Validation & Input Rules E2E Test Suite\"",
              "fullTitle": "Form Validation & Input Rules E2E Test Suite \"before all\" hook in \"Form Validation & Input Rules E2E Test Suite\"",
              "timedOut": false,
              "duration": 0,
              "state": null,
              "speed": null,
              "pass": false,
              "fail": false,
              "pending": false,
              "context": null,
              "code": "authPage = new AuthPage(global.driver);\ndonorPage = new DonorDashboardPage(global.driver);",
              "err": {},
              "uuid": "c0825b14-d3a0-425d-a73c-b86565003439",
              "parentUUID": "5a959b1b-b074-47fd-aaed-4d956275215f",
              "isHook": true,
              "skipped": false
            }
          ],
          "afterHooks": [],
          "tests": [
            {
              "title": "FORM_01: Validate Registration form required fields validation",
              "fullTitle": "Form Validation & Input Rules E2E Test Suite FORM_01: Validate Registration form required fields validation",
              "timedOut": false,
              "duration": 7424,
              "state": "passed",
              "speed": "slow",
              "pass": true,
              "fail": false,
              "pending": false,
              "context": null,
              "code": "await authPage.openRegister();\nif (await authPage.isElementVisible(authPage.emailInput)) {\n  await authPage.register(\"\", \"\", \"\", \"\", \"donor\");\n}\nconst currentUrl = await authPage.getCurrentUrl();\nexpect(currentUrl).to.be.a(\"string\");",
              "err": {},
              "uuid": "8aa8d916-c8b6-4e3a-a4ef-bb26804e5fc0",
              "parentUUID": "5a959b1b-b074-47fd-aaed-4d956275215f",
              "isHook": false,
              "skipped": false
            },
            {
              "title": "FORM_02: Validate Registration email format constraints",
              "fullTitle": "Form Validation & Input Rules E2E Test Suite FORM_02: Validate Registration email format constraints",
              "timedOut": false,
              "duration": 9722,
              "state": "passed",
              "speed": "slow",
              "pass": true,
              "fail": false,
              "pending": false,
              "context": null,
              "code": "await authPage.openRegister();\nif (await authPage.isElementVisible(authPage.emailInput)) {\n  await authPage.register(\"Test User\", \"invalid_email_format\", \"Pass123!\", \"Hyderabad\", \"donor\");\n}\nconst currentUrl = await authPage.getCurrentUrl();\nexpect(currentUrl).to.be.a(\"string\");",
              "err": {},
              "uuid": "ae7336f2-5cb7-44b5-acea-8f8fe4bc4e28",
              "parentUUID": "5a959b1b-b074-47fd-aaed-4d956275215f",
              "isHook": false,
              "skipped": false
            },
            {
              "title": "FORM_03: Validate Registration field minimum length rules",
              "fullTitle": "Form Validation & Input Rules E2E Test Suite FORM_03: Validate Registration field minimum length rules",
              "timedOut": false,
              "duration": 7409,
              "state": "passed",
              "speed": "slow",
              "pass": true,
              "fail": false,
              "pending": false,
              "context": null,
              "code": "await authPage.openRegister();\nif (await authPage.isElementVisible(authPage.emailInput)) {\n  await authPage.register(\"A\", \"valid@email.com\", \"P\", \"B\", \"donor\");\n}\nconst currentUrl = await authPage.getCurrentUrl();\nexpect(currentUrl).to.be.a(\"string\");",
              "err": {},
              "uuid": "0341cce3-1ab3-46d6-900f-dd63163c6167",
              "parentUUID": "5a959b1b-b074-47fd-aaed-4d956275215f",
              "isHook": false,
              "skipped": false
            },
            {
              "title": "FORM_04: Validate Food Listing form inputs validation rules",
              "fullTitle": "Form Validation & Input Rules E2E Test Suite FORM_04: Validate Food Listing form inputs validation rules",
              "timedOut": false,
              "duration": 14764,
              "state": "passed",
              "speed": "slow",
              "pass": true,
              "fail": false,
              "pending": false,
              "context": null,
              "code": "await authPage.openLogin();\nif (await authPage.isElementVisible(authPage.emailInput)) {\n  await authPage.login(config.credentials.donor.email, config.credentials.donor.password, \"donor\");\n}\nawait donorPage.openDonationsWorkspace();\nif (await donorPage.isElementVisible(donorPage.titleInput)) {\n  await donorPage.createDonationListing({\n    title: \"Fresh Meal Trays\",\n    category: \"Cooked Meals\",\n    quantity: 25,\n    location: \"Kukatpally Main Hub\",\n    phone: \"+91 9876543210\",\n    pickupWindow: \"2 PM - 6 PM\",\n    hours: 4,\n    notes: \"Packed hygienically in warm boxes.\"\n  });\n}\nconst currentUrl = await donorPage.getCurrentUrl();\nexpect(currentUrl).to.be.a(\"string\");",
              "err": {},
              "uuid": "4f063bc9-f48f-437a-80ce-ab9d0a68bf88",
              "parentUUID": "5a959b1b-b074-47fd-aaed-4d956275215f",
              "isHook": false,
              "skipped": false
            }
          ],
          "suites": [],
          "passes": [
            "8aa8d916-c8b6-4e3a-a4ef-bb26804e5fc0",
            "ae7336f2-5cb7-44b5-acea-8f8fe4bc4e28",
            "0341cce3-1ab3-46d6-900f-dd63163c6167",
            "4f063bc9-f48f-437a-80ce-ab9d0a68bf88"
          ],
          "failures": [],
          "pending": [],
          "skipped": [],
          "duration": 39319,
          "root": false,
          "rootEmpty": false,
          "_timeout": 60000
        },
        {
          "uuid": "4a531b00-4c1f-4f88-a1af-6683a53e248c",
          "title": "UI Components & Navigation E2E Test Suite",
          "fullFile": "C:\\Users\\HP\\Downloads\\SHAREBITE-main\\selenium-tests\\tests\\ui-navigation.spec.js",
          "file": "\\tests\\ui-navigation.spec.js",
          "beforeHooks": [
            {
              "title": "\"before all\" hook in \"UI Components & Navigation E2E Test Suite\"",
              "fullTitle": "UI Components & Navigation E2E Test Suite \"before all\" hook in \"UI Components & Navigation E2E Test Suite\"",
              "timedOut": false,
              "duration": 0,
              "state": null,
              "speed": null,
              "pass": false,
              "fail": false,
              "pending": false,
              "context": null,
              "code": "landingPage = new LandingPage(global.driver);\nreceiverPage = new ReceiverDashboardPage(global.driver);\nauthPage = new AuthPage(global.driver);",
              "err": {},
              "uuid": "0ddf1ff6-7b8a-47ed-9dbc-ba9c1335110a",
              "parentUUID": "4a531b00-4c1f-4f88-a1af-6683a53e248c",
              "isHook": true,
              "skipped": false
            }
          ],
          "afterHooks": [],
          "tests": [
            {
              "title": "NAV_01: Validate public navbar navigation links",
              "fullTitle": "UI Components & Navigation E2E Test Suite NAV_01: Validate public navbar navigation links",
              "timedOut": false,
              "duration": 7419,
              "state": "passed",
              "speed": "slow",
              "pass": true,
              "fail": false,
              "pending": false,
              "context": null,
              "code": "await landingPage.openLandingPage();\nif (await landingPage.isElementVisible(landingPage.navPersonas)) {\n  await landingPage.clickNavPersonas();\n}\nconst currentUrl = await landingPage.getCurrentUrl();\nexpect(currentUrl).to.be.a(\"string\");",
              "err": {},
              "uuid": "993ca4d4-6fcb-4b40-82ec-3025c0504548",
              "parentUUID": "4a531b00-4c1f-4f88-a1af-6683a53e248c",
              "isHook": false,
              "skipped": false
            },
            {
              "title": "NAV_02: Validate browser back and forward history actions",
              "fullTitle": "UI Components & Navigation E2E Test Suite NAV_02: Validate browser back and forward history actions",
              "timedOut": false,
              "duration": 2622,
              "state": "passed",
              "speed": "slow",
              "pass": true,
              "fail": false,
              "pending": false,
              "context": null,
              "code": "await landingPage.goBack();\nawait landingPage.goForward();\nconst currentUrl = await landingPage.getCurrentUrl();\nexpect(currentUrl).to.be.a(\"string\");",
              "err": {},
              "uuid": "4d39951e-9875-4049-b58d-be583d029b0a",
              "parentUUID": "4a531b00-4c1f-4f88-a1af-6683a53e248c",
              "isHook": false,
              "skipped": false
            },
            {
              "title": "UI_01: Validate Receiver Feed search bar and category filters",
              "fullTitle": "UI Components & Navigation E2E Test Suite UI_01: Validate Receiver Feed search bar and category filters",
              "timedOut": false,
              "duration": 14558,
              "state": "passed",
              "speed": "slow",
              "pass": true,
              "fail": false,
              "pending": false,
              "context": null,
              "code": "await authPage.openLogin();\nif (await authPage.isElementVisible(authPage.emailInput)) {\n  await authPage.login(config.credentials.receiver.email, config.credentials.receiver.password, \"receiver\");\n}\nawait receiverPage.openFeed();\nif (await receiverPage.isElementVisible(receiverPage.searchInput)) {\n  await receiverPage.searchFood(\"Biryani\");\n}\nconst currentUrl = await receiverPage.getCurrentUrl();\nexpect(currentUrl).to.be.a(\"string\");",
              "err": {},
              "uuid": "31d1068e-b3f4-4379-b0fd-b7b4255bc934",
              "parentUUID": "4a531b00-4c1f-4f88-a1af-6683a53e248c",
              "isHook": false,
              "skipped": false
            }
          ],
          "suites": [],
          "passes": [
            "993ca4d4-6fcb-4b40-82ec-3025c0504548",
            "4d39951e-9875-4049-b58d-be583d029b0a",
            "31d1068e-b3f4-4379-b0fd-b7b4255bc934"
          ],
          "failures": [],
          "pending": [],
          "skipped": [],
          "duration": 24599,
          "root": false,
          "rootEmpty": false,
          "_timeout": 60000
        },
        {
          "uuid": "51998cbf-b4f1-49a4-9976-d46e0f89a90c",
          "title": "Dynamic React Route & Form Discovery Test Suite",
          "fullFile": "C:\\Users\\HP\\Downloads\\SHAREBITE-main\\selenium-tests\\tests\\dynamic-discovery.spec.js",
          "file": "\\tests\\dynamic-discovery.spec.js",
          "beforeHooks": [
            {
              "title": "\"before all\" hook in \"Dynamic React Route & Form Discovery Test Suite\"",
              "fullTitle": "Dynamic React Route & Form Discovery Test Suite \"before all\" hook in \"Dynamic React Route & Form Discovery Test Suite\"",
              "timedOut": false,
              "duration": 2,
              "state": null,
              "speed": null,
              "pass": false,
              "fail": false,
              "pending": false,
              "context": null,
              "code": "basePage = new BasePage(global.driver);\ndiscoveryData = routeFormDiscoverer.discoverRoutesAndForms();\nlogger.info(`Running ${discoveryData.generatedTestCases.length} dynamically generated tests.`);",
              "err": {},
              "uuid": "d56df20b-67c2-4385-a940-d706bd4507f3",
              "parentUUID": "51998cbf-b4f1-49a4-9976-d46e0f89a90c",
              "isHook": true,
              "skipped": false
            }
          ],
          "afterHooks": [],
          "tests": [
            {
              "title": "DYN_01: Verify all discovered React routes are accessible or enforce protection",
              "fullTitle": "Dynamic React Route & Form Discovery Test Suite DYN_01: Verify all discovered React routes are accessible or enforce protection",
              "timedOut": false,
              "duration": 7134,
              "state": "passed",
              "speed": "slow",
              "pass": true,
              "fail": false,
              "pending": false,
              "context": null,
              "code": "for (const route of discoveryData.routes.slice(0, 5)) {\n  logger.info(`Testing dynamic route access: ${route.path}`);\n  await basePage.open(route.path);\n  const url = await basePage.getCurrentUrl();\n  expect(url).to.be.a(\"string\");\n}",
              "err": {},
              "uuid": "8873a7f2-b9f8-430b-a70c-887e30e64be7",
              "parentUUID": "51998cbf-b4f1-49a4-9976-d46e0f89a90c",
              "isHook": false,
              "skipped": false
            },
            {
              "title": "DYN_02: Execute dynamically generated test cases from form analysis",
              "fullTitle": "Dynamic React Route & Form Discovery Test Suite DYN_02: Execute dynamically generated test cases from form analysis",
              "timedOut": false,
              "duration": 5009,
              "state": "passed",
              "speed": "slow",
              "pass": true,
              "fail": false,
              "pending": false,
              "context": null,
              "code": "for (const testCase of discoveryData.generatedTestCases.slice(0, 5)) {\n  logger.info(`Executing generated test scenario: ${testCase.scenarioName}`);\n  if (testCase.type === \"navigation\") {\n    await basePage.open(testCase.targetUrl);\n    const url = await basePage.getCurrentUrl();\n    expect(url).to.be.a(\"string\");\n  }\n}",
              "err": {},
              "uuid": "0b525264-d974-455a-96bd-654829e4927a",
              "parentUUID": "51998cbf-b4f1-49a4-9976-d46e0f89a90c",
              "isHook": false,
              "skipped": false
            }
          ],
          "suites": [],
          "passes": [
            "8873a7f2-b9f8-430b-a70c-887e30e64be7",
            "0b525264-d974-455a-96bd-654829e4927a"
          ],
          "failures": [],
          "pending": [],
          "skipped": [],
          "duration": 12143,
          "root": false,
          "rootEmpty": false,
          "_timeout": 60000
        },
        {
          "uuid": "1f540780-51b9-484a-a74a-8d3772af5a03",
          "title": "Complete End-to-End Business Workflow Test Suite",
          "fullFile": "C:\\Users\\HP\\Downloads\\SHAREBITE-main\\selenium-tests\\tests\\e2e-workflow.spec.js",
          "file": "\\tests\\e2e-workflow.spec.js",
          "beforeHooks": [
            {
              "title": "\"before all\" hook in \"Complete End-to-End Business Workflow Test Suite\"",
              "fullTitle": "Complete End-to-End Business Workflow Test Suite \"before all\" hook in \"Complete End-to-End Business Workflow Test Suite\"",
              "timedOut": false,
              "duration": 0,
              "state": null,
              "speed": null,
              "pass": false,
              "fail": false,
              "pending": false,
              "context": null,
              "code": "authPage = new AuthPage(global.driver);\ndonorPage = new DonorDashboardPage(global.driver);\nreceiverPage = new ReceiverDashboardPage(global.driver);",
              "err": {},
              "uuid": "1cac9600-9a9b-473c-bdb5-fe210e18ca19",
              "parentUUID": "1f540780-51b9-484a-a74a-8d3772af5a03",
              "isHook": true,
              "skipped": false
            }
          ],
          "afterHooks": [],
          "tests": [
            {
              "title": "E2E_01: Complete Donor Publishing to Receiver Claiming & Verification Workflow",
              "fullTitle": "Complete End-to-End Business Workflow Test Suite E2E_01: Complete Donor Publishing to Receiver Claiming & Verification Workflow",
              "timedOut": false,
              "duration": 59207,
              "state": "passed",
              "speed": "slow",
              "pass": true,
              "fail": false,
              "pending": false,
              "context": null,
              "code": "logger.info(\"E2E Workflow Step 1: Donor Login & Listing Creation\");\nawait authPage.openLogin();\nif (await authPage.isElementVisible(authPage.emailInput)) {\n  await authPage.login(config.credentials.donor.email, config.credentials.donor.password, \"donor\");\n}\nconst listingTitle = `Fresh Meals Batch ${Date.now()}`;\nawait donorPage.createDonationListing({\n  title: listingTitle,\n  category: \"Cooked Meals\",\n  quantity: 50,\n  location: \"Kukatpally, Hyderabad\",\n  phone: \"+91 9876543210\",\n  pickupWindow: \"5 PM - 8 PM\",\n  hours: 6,\n  notes: \"Freshly prepared vegetable meals ready for immediate dispatch.\"\n});\nawait donorPage.logout();\nlogger.info(\"E2E Workflow Step 2: Receiver Login & Claim Request\");\nawait authPage.openLogin();\nif (await authPage.isElementVisible(authPage.emailInput)) {\n  await authPage.login(config.credentials.receiver.email, config.credentials.receiver.password, \"receiver\");\n}\nawait receiverPage.openFeed();\nawait receiverPage.claimFirstListing();\nawait receiverPage.logout();\nlogger.info(\"E2E Workflow Step 3: Donor Approval\");\nawait authPage.openLogin();\nif (await authPage.isElementVisible(authPage.emailInput)) {\n  await authPage.login(config.credentials.donor.email, config.credentials.donor.password, \"donor\");\n}\nawait donorPage.approveFirstClaim();\nconst finalUrl = await donorPage.getCurrentUrl();\nexpect(finalUrl).to.be.a(\"string\");",
              "err": {},
              "uuid": "1701e45e-1809-4a49-bf8c-6c2675862217",
              "parentUUID": "1f540780-51b9-484a-a74a-8d3772af5a03",
              "isHook": false,
              "skipped": false
            }
          ],
          "suites": [],
          "passes": [
            "1701e45e-1809-4a49-bf8c-6c2675862217"
          ],
          "failures": [],
          "pending": [],
          "skipped": [],
          "duration": 59207,
          "root": false,
          "rootEmpty": false,
          "_timeout": 60000
        }
      ],
      "passes": [],
      "failures": [],
      "pending": [],
      "skipped": [],
      "duration": 0,
      "root": true,
      "rootEmpty": true,
      "_timeout": 60000
    }
  ],
  "meta": {
    "mocha": {
      "version": "10.8.2"
    },
    "mochawesome": {
      "options": {
        "quiet": false,
        "reportFilename": "mochawesome",
        "saveHtml": true,
        "saveJson": true,
        "consoleReporter": "spec",
        "useInlineDiffs": false,
        "code": true
      },
      "version": "7.1.4"
    },
    "marge": {
      "options": {
        "[object Object]": true
      },
      "version": "6.3.2"
    }
  }
}